<?xml version="1.0" encoding="UTF-8"?>
<!-- Generated by org.testng.reporters.JUnitReportReporter -->
<testsuite hostname="WSPL_LAP_033" name="example.NewTest" tests="1" failures="0" timestamp="13 Sep 2016 10:19:49 GMT" time="9.187" errors="0">
  <testcase name="testEasy1" time="9.187" classname="example.NewTest"/>
</testsuite> <!-- example.NewTest -->
